Navigated to http://localhost:8080/jsforwp/1.3.4/
VM9068 app.js:49 3
VM9068 app.js:73  for joining us. 34 I will get back to you right away.
Navigated to http://localhost:8080/jsforwp/1.3.5/
app.js:143 @zgordon
app.js:144 @zgordon
app.js:146 NamedNodeMap {0: href, href: href, length: 1}
app.js:148 undefined
app.js:149 https://twitter.com/zgordon
document.getElementsByClassName('content')
HTMLCollection(3) [div.content, div.content, footer.content]
var content = document.querySelector('content');
console.log(content.innerHTML)
VM9413:2 Uncaught TypeError: Cannot read property 'innerHTML' of null
    at <anonymous>:2:21
(anonymous) @ VM9413:2
var content = document.querySelector('content');
console.log(content.innerHTML);
VM9464:2 Uncaught TypeError: Cannot read property 'innerHTML' of null
    at <anonymous>:2:21
(anonymous) @ VM9464:2
var content = document.querySelector('.content');
console.log(content.innerHTML);
VM9482:2 

    <p>Thanks for joining<span class="secret"> us</span>.</p>

    <!-- Insert a contact form here later!!! -->

    <div id="contact">

      <p>Get in touch <a href="https://twitter.com/zgordon">@zgordon</a>!!!</p>

    </div>

    <p>I will get back to you right away.</p>

  
undefined
var content = document.querySelector('.content');
console.log(content.innerText);
VM9552:2 Thanks for joining.

Get in touch @zgordon!!!

I will get back to you right away.


undefined
var content = document.querySelector('.content');
console.log(content.outerHTML);
VM9625:2 <div class="content">

    <p>Thanks for joining<span class="secret"> us</span>.</p>

    <!-- Insert a contact form here later!!! -->

    <div id="contact">

      <p>Get in touch <a href="https://twitter.com/zgordon">@zgordon</a>!!!</p>

    </div>

    <p>I will get back to you right away.</p>

  </div>
undefined
var content = document.querySelector( '.content'),
newInnerHTML;

content.innerHTML = '<h2>Sub title </h2>';
content.innerHTML += '<p>Lorem Ipsum</p>';
"<h2>Sub title </h2><p>Lorem Ipsum</p>"
